/home/ubuntu/.local/lib/python3.12/site-packages/django/db/models/base.py:366: RuntimeWarning: Model 'cgapp.studentlogin' was already registered. Reloading models is not advised as it can lead to inconsistencies, most notably with related models.
  new_class._meta.apps.register_model(new_class._meta.app_label, new_class)
/home/ubuntu/.local/lib/python3.12/site-packages/django/db/models/base.py:366: RuntimeWarning: Model 'cgapp.studentlogin' was already registered. Reloading models is not advised as it can lead to inconsistencies, most notably with related models.
  new_class._meta.apps.register_model(new_class._meta.app_label, new_class)
Watching for file changes with StatReloader
Error: That port is already in use.
/home/ubuntu/.local/lib/python3.12/site-packages/django/db/models/base.py:366: RuntimeWarning: Model 'cgapp.studentlogin' was already registered. Reloading models is not advised as it can lead to inconsistencies, most notably with related models.
  new_class._meta.apps.register_model(new_class._meta.app_label, new_class)
/home/ubuntu/.local/lib/python3.12/site-packages/django/db/models/base.py:366: RuntimeWarning: Model 'cgapp.studentlogin' was already registered. Reloading models is not advised as it can lead to inconsistencies, most notably with related models.
  new_class._meta.apps.register_model(new_class._meta.app_label, new_class)
Watching for file changes with StatReloader
/home/ubuntu/CG-website-aakash/CG_University/CG_International_University_App/views.py changed, reloading.
Performing system checks...

System check identified no issues (0 silenced).
May 15, 2024 - 05:59:07
Django version 5.0.4, using settings 'CG_University.settings'
Starting development server at http://0.0.0.0:8001/
Quit the server with CONTROL-C.

/home/ubuntu/.local/lib/python3.12/site-packages/django/db/models/base.py:366: RuntimeWarning: Model 'cgapp.studentlogin' was already registered. Reloading models is not advised as it can lead to inconsistencies, most notably with related models.
  new_class._meta.apps.register_model(new_class._meta.app_label, new_class)
Watching for file changes with StatReloader
Performing system checks...

System check identified no issues (0 silenced).
May 15, 2024 - 06:00:25
Django version 5.0.4, using settings 'CG_University.settings'
Starting development server at http://0.0.0.0:8001/
Quit the server with CONTROL-C.

Watching for file changes with StatReloader
[15/May/2024 17:17:51] "GET / HTTP/1.0" 200 14364
Performing system checks...

System check identified no issues (0 silenced).
May 15, 2024 - 17:17:35
Django version 5.0.4, using settings 'CG_University.settings'
Starting development server at http://0.0.0.0:8001/
Quit the server with CONTROL-C.

Watching for file changes with StatReloader
[15/May/2024 17:19:28] "GET / HTTP/1.0" 200 14364
[15/May/2024 17:19:34] "GET / HTTP/1.0" 200 14364
[15/May/2024 17:19:37] "GET / HTTP/1.0" 200 14364
[15/May/2024 17:21:39] "GET / HTTP/1.0" 200 14364
[15/May/2024 17:22:44] "GET / HTTP/1.0" 200 14364
[15/May/2024 17:22:59] "GET / HTTP/1.0" 200 14364
[15/May/2024 17:23:25] "GET / HTTP/1.0" 200 14364
[15/May/2024 17:23:38] "GET / HTTP/1.0" 200 14364
[15/May/2024 17:23:41] "GET / HTTP/1.0" 200 14364
Performing system checks...

System check identified no issues (0 silenced).
May 15, 2024 - 17:19:24
Django version 5.0.4, using settings 'CG_University.settings'
Starting development server at http://0.0.0.0:8001/
Quit the server with CONTROL-C.

Watching for file changes with StatReloader
[15/May/2024 17:25:48] "GET / HTTP/1.0" 200 14364
[15/May/2024 17:26:04] "GET / HTTP/1.0" 200 14364
Not Found: /cdn.js
[15/May/2024 17:26:23] "GET /cdn.js HTTP/1.0" 404 5361
Not Found: /dist/js/bootstrap.bundle.min.js
[15/May/2024 17:26:23] "GET /dist/js/bootstrap.bundle.min.js HTTP/1.0" 404 5436
Not Found: /cdnjs.cloudflare.com/ajax/libs/jquery/3.7.1/jquery.min.js
[15/May/2024 17:26:24] "GET /cdnjs.cloudflare.com/ajax/libs/jquery/3.7.1/jquery.min.js HTTP/1.0" 404 5514
Not Found: /livereload.js
[15/May/2024 17:26:24] "GET /livereload.js HTTP/1.0" 404 5382
/home/ubuntu/CG-website-aakash/CG_University/CG_University/settings.py changed, reloading.
Performing system checks...

System check identified no issues (0 silenced).
May 15, 2024 - 17:25:45
Django version 5.0.4, using settings 'CG_University.settings'
Starting development server at http://0.0.0.0:8001/
Quit the server with CONTROL-C.

Watching for file changes with StatReloader
Performing system checks...

System check identified no issues (0 silenced).
May 15, 2024 - 17:26:50
Django version 5.0.4, using settings 'CG_University.settings'
Starting development server at http://0.0.0.0:8001/
Quit the server with CONTROL-C.

Watching for file changes with StatReloader
[15/May/2024 17:26:59] "GET / HTTP/1.0" 200 14468
[15/May/2024 17:26:59] "GET /CG_University/media/main_css/style.css HTTP/1.0" 200 1555
[15/May/2024 17:26:59] "GET /CG_University/media/images/logo.png HTTP/1.0" 200 46843
[15/May/2024 17:27:00] "GET /CG_University/media/images/login/login_background_image.jpg HTTP/1.0" 200 2080830
[15/May/2024 17:27:00] "GET /CG_University/media/images/home_image/2.jpg HTTP/1.0" 200 55879
[15/May/2024 17:27:00] "GET /CG_University/media/images/home_image/4.jpg HTTP/1.0" 200 139834
[15/May/2024 17:27:00] "GET /CG_University/media/images/home_image/3.jpg HTTP/1.0" 200 245914
[15/May/2024 17:27:00] "GET /CG_University/media/images/home_image/5.jpeg HTTP/1.0" 200 349888
[15/May/2024 17:27:07] "GET /login/ HTTP/1.0" 200 4343
[15/May/2024 17:27:08] "GET /CG_University/media/main_css/login.css HTTP/1.0" 200 2123
[15/May/2024 17:27:15] "GET / HTTP/1.0" 200 14468
[15/May/2024 17:27:15] "GET /CG_University/media/main_css/style.css HTTP/1.0" 200 1555
[15/May/2024 17:27:15] "GET /CG_University/media/images/logo.png HTTP/1.0" 200 46843
[15/May/2024 17:27:15] "GET /CG_University/media/images/login/login_background_image.jpg HTTP/1.0" 200 2080830
[15/May/2024 17:27:16] "GET /CG_University/media/images/home_image/2.jpg HTTP/1.0" 200 55879
[15/May/2024 17:27:16] "GET /CG_University/media/images/home_image/3.jpg HTTP/1.0" 200 245914
[15/May/2024 17:27:16] "GET /CG_University/media/images/home_image/4.jpg HTTP/1.0" 200 139834
[15/May/2024 17:27:16] "GET /CG_University/media/images/home_image/5.jpeg HTTP/1.0" 200 349888
Not Found: /cdn.js
[15/May/2024 17:27:26] "GET /cdn.js HTTP/1.0" 404 5361
Not Found: /dist/js/bootstrap.bundle.min.js
[15/May/2024 17:27:26] "GET /dist/js/bootstrap.bundle.min.js HTTP/1.0" 404 5436
Not Found: /cdnjs.cloudflare.com/ajax/libs/jquery/3.7.1/jquery.min.js
[15/May/2024 17:27:26] "GET /cdnjs.cloudflare.com/ajax/libs/jquery/3.7.1/jquery.min.js HTTP/1.0" 404 5514
Not Found: /livereload.js
[15/May/2024 17:27:27] "GET /livereload.js HTTP/1.0" 404 5382
Not Found: /sitemap.txt
[15/May/2024 17:30:52] "GET /sitemap.txt HTTP/1.0" 404 5394
[15/May/2024 17:51:29] "GET / HTTP/1.0" 200 14468
[15/May/2024 17:51:32] "GET / HTTP/1.0" 200 14468
[15/May/2024 17:51:37] "GET /admin HTTP/1.0" 301 0
[15/May/2024 17:51:37] "GET /admin/ HTTP/1.0" 302 0
[15/May/2024 17:51:38] "GET /admin/login/?next=/admin/ HTTP/1.0" 200 4308
[15/May/2024 17:51:38] "GET /CG_University/media/admin/css/base.css HTTP/1.0" 200 21544
[15/May/2024 17:51:39] "GET /CG_University/media/admin/css/dark_mode.css HTTP/1.0" 200 2682
[15/May/2024 17:51:39] "GET /CG_University/media/admin/css/login.css HTTP/1.0" 200 958
[15/May/2024 17:51:39] "GET /CG_University/media/admin/css/nav_sidebar.css HTTP/1.0" 200 2810
[15/May/2024 17:51:39] "GET /CG_University/media/admin/css/responsive.css HTTP/1.0" 200 17905
[15/May/2024 17:51:39] "GET /CG_University/media/admin/js/theme.js HTTP/1.0" 200 1943
[15/May/2024 17:51:39] "GET /CG_University/media/admin/js/nav_sidebar.js HTTP/1.0" 200 3063
[15/May/2024 17:51:46] "POST /admin/login/?next=/admin/ HTTP/1.0" 302 0
[15/May/2024 17:51:46] "GET /admin/ HTTP/1.0" 200 9693
[15/May/2024 17:51:47] "GET /CG_University/media/admin/css/dashboard.css HTTP/1.0" 200 441
[15/May/2024 17:51:47] "GET /CG_University/media/admin/img/icon-changelink.svg HTTP/1.0" 200 380
[15/May/2024 17:51:47] "GET /CG_University/media/admin/img/icon-addlink.svg HTTP/1.0" 200 331
[15/May/2024 17:51:49] "GET / HTTP/1.0" 200 14468
[15/May/2024 17:51:52] "GET /admin/cgapp/adminlogin/ HTTP/1.0" 200 10923
[15/May/2024 17:51:52] "GET /CG_University/media/admin/css/changelists.css HTTP/1.0" 200 6811
[15/May/2024 17:51:52] "GET /admin/jsi18n/ HTTP/1.0" 200 3342
[15/May/2024 17:51:53] "GET /CG_University/media/admin/js/vendor/jquery/jquery.js HTTP/1.0" 200 285314
[15/May/2024 17:51:53] "GET /CG_University/media/admin/js/jquery.init.js HTTP/1.0" 200 347
[15/May/2024 17:51:53] "GET /CG_University/media/admin/js/core.js HTTP/1.0" 200 6208
[15/May/2024 17:51:53] "GET /CG_University/media/admin/js/actions.js HTTP/1.0" 200 8067
[15/May/2024 17:51:53] "GET /CG_University/media/admin/js/admin/RelatedObjectLookups.js HTTP/1.0" 200 9042
[15/May/2024 17:51:53] "GET /CG_University/media/admin/js/prepopulate.js HTTP/1.0" 200 1531
[15/May/2024 17:51:53] "GET /CG_University/media/admin/js/urlify.js HTTP/1.0" 200 7887
[15/May/2024 17:51:53] "GET /CG_University/media/admin/js/vendor/xregexp/xregexp.js HTTP/1.0" 200 325171
[15/May/2024 17:51:55] "GET /CG_University/media/admin/js/filters.js HTTP/1.0" 200 978
[15/May/2024 17:51:55] "GET /CG_University/media/admin/img/tooltag-add.svg HTTP/1.0" 200 331
[15/May/2024 17:51:57] "GET /login/ HTTP/1.0" 200 4343
[15/May/2024 17:51:58] "GET /CG_University/media/main_css/login.css HTTP/1.0" 200 2123
[15/May/2024 17:52:01] "GET /admin/cgapp/adminlogin/1/change/ HTTP/1.0" 200 13317
[15/May/2024 17:52:02] "GET /CG_University/media/admin/css/forms.css HTTP/1.0" 200 9090
[15/May/2024 17:52:02] "GET /CG_University/media/admin/js/prepopulate_init.js HTTP/1.0" 200 586
[15/May/2024 17:52:02] "GET /CG_University/media/admin/css/widgets.css HTTP/1.0" 200 11800
[15/May/2024 17:52:02] "GET /admin/jsi18n/ HTTP/1.0" 200 3342
[15/May/2024 17:52:03] "GET /CG_University/media/admin/js/change_form.js HTTP/1.0" 200 606
[15/May/2024 17:52:04] "GET /admin/cgapp/adminlogin/ HTTP/1.0" 200 10923
[15/May/2024 17:52:05] "GET /admin/cgapp/adminlogin/1/change/ HTTP/1.0" 200 13317
[15/May/2024 17:52:10] "GET /admin/auth/user/ HTTP/1.0" 200 13897
[15/May/2024 17:52:11] "GET /CG_University/media/admin/img/search.svg HTTP/1.0" 200 458
[15/May/2024 17:52:11] "GET /admin/jsi18n/ HTTP/1.0" 200 3342
[15/May/2024 17:52:11] "GET /CG_University/media/admin/img/icon-yes.svg HTTP/1.0" 200 436
[15/May/2024 17:52:11] "GET /CG_University/media/admin/img/sorting-icons.svg HTTP/1.0" 200 1097
[15/May/2024 17:52:11] "GET /CG_University/media/admin/img/icon-viewlink.svg HTTP/1.0" 200 581
[15/May/2024 17:52:14] "GET /admin/auth/user/1/change/ HTTP/1.0" 200 26552
[15/May/2024 17:52:14] "GET /CG_University/media/admin/js/calendar.js HTTP/1.0" 200 9141
[15/May/2024 17:52:14] "GET /admin/jsi18n/ HTTP/1.0" 200 3342
[15/May/2024 17:52:14] "GET /CG_University/media/admin/js/admin/DateTimeShortcuts.js HTTP/1.0" 200 19319
[15/May/2024 17:52:14] "GET /CG_University/media/admin/js/SelectBox.js HTTP/1.0" 200 4530
[15/May/2024 17:52:15] "GET /CG_University/media/admin/js/SelectFilter2.js HTTP/1.0" 200 15492
[15/May/2024 17:52:15] "GET /CG_University/media/admin/img/icon-unknown.svg HTTP/1.0" 200 655
[15/May/2024 17:52:15] "GET /CG_University/media/admin/img/icon-unknown-alt.svg HTTP/1.0" 200 655
[15/May/2024 17:52:15] "GET /CG_University/media/admin/img/icon-clock.svg HTTP/1.0" 200 677
[15/May/2024 17:52:15] "GET /CG_University/media/admin/img/selector-icons.svg HTTP/1.0" 200 3291
[15/May/2024 17:52:15] "GET /CG_University/media/admin/img/icon-calendar.svg HTTP/1.0" 200 1086
Unauthorized: /cg_api/api/token/
[15/May/2024 17:52:16] "POST /cg_api/api/token/ HTTP/1.0" 401 63
[15/May/2024 17:52:16] "POST /cg_api/login/ HTTP/1.0" 200 240
[15/May/2024 17:52:16] "POST /admin_cg/ HTTP/1.0" 200 36613
Forbidden (CSRF token from POST incorrect.): /admin_cg/
[15/May/2024 17:52:26] "POST /admin_cg/ HTTP/1.0" 403 2576
[15/May/2024 17:52:48] "GET /login/ HTTP/1.0" 200 4343
[15/May/2024 17:52:55] "GET /admin/cgapp/adminlogin/ HTTP/1.0" 200 10923
[15/May/2024 17:52:55] "GET /admin/jsi18n/ HTTP/1.0" 200 3342
[15/May/2024 17:52:57] "GET /admin/cgapp/adminlogin/1/change/ HTTP/1.0" 200 13317
[15/May/2024 17:52:57] "GET /admin/jsi18n/ HTTP/1.0" 200 3342
[15/May/2024 17:53:02] "GET / HTTP/1.0" 200 14468
[15/May/2024 17:53:04] "GET /login/ HTTP/1.0" 200 4343
Unauthorized: /cg_api/api/token/
[15/May/2024 17:53:17] "POST /cg_api/api/token/ HTTP/1.0" 401 63
[15/May/2024 17:53:17] "POST /cg_api/login/ HTTP/1.0" 200 240
[15/May/2024 17:53:17] "POST /admin_cg/ HTTP/1.0" 200 36613
Unauthorized: /cg_api/api/token/
[15/May/2024 17:53:23] "POST /cg_api/api/token/ HTTP/1.0" 401 63
[15/May/2024 17:53:23] "POST /cg_api/login/ HTTP/1.0" 200 240
[15/May/2024 17:53:23] "POST /admin_cg/ HTTP/1.0" 200 36613
Unauthorized: /cg_api/api/token/
[15/May/2024 17:53:52] "POST /cg_api/api/token/ HTTP/1.0" 401 63
[15/May/2024 17:53:52] "POST /cg_api/login/ HTTP/1.0" 200 240
[15/May/2024 17:53:52] "POST /admin_cg/ HTTP/1.0" 200 36613
[15/May/2024 17:55:45] "GET /admin_cg/ HTTP/1.0" 200 55
[15/May/2024 17:55:49] "GET / HTTP/1.0" 200 14468
[15/May/2024 17:55:51] "GET /login/ HTTP/1.0" 200 4343
Unauthorized: /cg_api/api/token/
[15/May/2024 17:56:07] "POST /cg_api/api/token/ HTTP/1.0" 401 63
[15/May/2024 17:56:07] "POST /cg_api/login/ HTTP/1.0" 200 240
[15/May/2024 17:56:07] "POST /admin_cg/ HTTP/1.0" 200 36613
[15/May/2024 18:33:55] "GET / HTTP/1.0" 200 14468
[15/May/2024 18:33:55] "GET /CG_University/media/main_css/style.css HTTP/1.0" 200 1555
[15/May/2024 18:33:56] "GET /CG_University/media/images/logo.png HTTP/1.0" 200 46843
[15/May/2024 18:33:56] "GET /CG_University/media/images/home_image/2.jpg HTTP/1.0" 200 55879
[15/May/2024 18:33:56] "GET /CG_University/media/images/home_image/3.jpg HTTP/1.0" 200 245914
[15/May/2024 18:33:56] "GET /CG_University/media/images/home_image/4.jpg HTTP/1.0" 200 139834
[15/May/2024 18:33:56] "GET /CG_University/media/images/home_image/5.jpeg HTTP/1.0" 200 349888
[15/May/2024 18:33:56] "GET /CG_University/media/images/login/login_background_image.jpg HTTP/1.0" 200 2080830
[15/May/2024 18:33:57] "GET /login/ HTTP/1.0" 200 4343
[15/May/2024 18:33:57] "GET /CG_University/media/main_css/login.css HTTP/1.0" 200 2123
Unauthorized: /cg_api/api/token/
[15/May/2024 18:34:09] "POST /cg_api/api/token/ HTTP/1.0" 401 63
[15/May/2024 18:34:09] "POST /cg_api/login/ HTTP/1.0" 200 240
[15/May/2024 18:34:09] "POST /admin_cg/ HTTP/1.0" 200 36613
Not Found: /.env
[15/May/2024 18:38:29] "GET /.env HTTP/1.0" 404 5355
Forbidden (CSRF cookie not set.): /
[15/May/2024 18:38:30] "POST / HTTP/1.0" 403 2928
[15/May/2024 18:44:52] "GET / HTTP/1.0" 200 14468
[15/May/2024 18:45:12] "GET / HTTP/1.0" 200 14468
[15/May/2024 18:45:13] "GET /CG_University/media/images/logo.png HTTP/1.0" 200 46843
[15/May/2024 18:45:14] "GET /CG_University/media/images/logo.png HTTP/1.0" 200 46843
Not Found: /robots.txt
[15/May/2024 18:45:15] "GET /robots.txt HTTP/1.0" 404 5373
Not Found: /sitemap.xml
[15/May/2024 18:45:15] "GET /sitemap.xml HTTP/1.0" 404 5376
Not Found: /owa/auth/logon.aspx
[15/May/2024 18:52:33] "GET /owa/auth/logon.aspx HTTP/1.0" 404 5400
[15/May/2024 19:03:29] "GET / HTTP/1.0" 200 14468
[15/May/2024 19:03:33] "GET / HTTP/1.0" 200 14468
[15/May/2024 19:03:34] "GET /CG_University/media/images/logo.png HTTP/1.0" 200 46843
[15/May/2024 19:27:15] "GET / HTTP/1.0" 200 14468
[15/May/2024 19:27:16] "GET /CG_University/media/main_css/style.css HTTP/1.0" 200 1555
[15/May/2024 19:27:16] "GET /CG_University/media/images/logo.png HTTP/1.0" 200 46843
[15/May/2024 19:27:16] "GET /CG_University/media/images/login/login_background_image.jpg HTTP/1.0" 200 2080830
[15/May/2024 19:27:16] "GET /CG_University/media/images/home_image/2.jpg HTTP/1.0" 200 55879
[15/May/2024 19:27:17] "GET /CG_University/media/images/home_image/3.jpg HTTP/1.0" 200 245914
[15/May/2024 19:27:18] "GET /CG_University/media/images/home_image/4.jpg HTTP/1.0" 200 139834
[15/May/2024 19:27:19] "GET /CG_University/media/images/home_image/5.jpeg HTTP/1.0" 200 349888
[15/May/2024 19:27:23] "GET /login/ HTTP/1.0" 200 4343
[15/May/2024 19:27:24] "GET /CG_University/media/main_css/login.css HTTP/1.0" 200 2123
Unauthorized: /cg_api/api/token/
[15/May/2024 19:27:48] "POST /cg_api/api/token/ HTTP/1.0" 401 63
[15/May/2024 19:27:48] "POST /cg_api/login/ HTTP/1.0" 200 240
[15/May/2024 19:27:48] "POST /admin_cg/ HTTP/1.0" 200 36613
[15/May/2024 19:29:54] "GET / HTTP/1.0" 200 14468
[15/May/2024 19:31:12] "POST /cg_api/add-student/ HTTP/1.0" 201 48
Unauthorized: /cg_api/students/
[15/May/2024 19:31:12] "POST /cg_api/students/ HTTP/1.0" 401 183
[15/May/2024 19:31:13] "POST /cg_api/marksheets/ HTTP/1.0" 201 60
[15/May/2024 19:31:15] "POST /cg_api/student-data/ HTTP/1.0" 201 47
Unauthorized: /cg_api/api/token/
[15/May/2024 19:31:33] "POST /cg_api/api/token/ HTTP/1.0" 401 63
[15/May/2024 19:31:33] "POST /cg_api/login/ HTTP/1.0" 200 768
[15/May/2024 19:31:33] "POST /admin_cg/ HTTP/1.0" 200 36613
Unauthorized: /cg_api/api/token/
[15/May/2024 19:32:13] "POST /cg_api/api/token/ HTTP/1.0" 401 63
[15/May/2024 19:32:13] "POST /cg_api/login/ HTTP/1.0" 200 768
[15/May/2024 19:32:13] "POST /admin_cg/ HTTP/1.0" 200 36613
[15/May/2024 19:32:17] "GET / HTTP/1.0" 200 14468
[15/May/2024 19:32:18] "GET /login/ HTTP/1.0" 200 4343
Unauthorized: /cg_api/api/token/
[15/May/2024 19:32:29] "POST /cg_api/api/token/ HTTP/1.0" 401 63
[15/May/2024 19:32:29] "POST /cg_api/login/ HTTP/1.0" 200 768
[15/May/2024 19:32:29] "POST /admin_cg/ HTTP/1.0" 200 36613
[15/May/2024 19:32:33] "GET / HTTP/1.0" 200 14468
[15/May/2024 19:32:42] "GET /login/ HTTP/1.0" 200 4343
[15/May/2024 19:32:57] "GET /admin/ HTTP/1.0" 302 0
[15/May/2024 19:32:58] "GET /admin/login/?next=/admin/ HTTP/1.0" 200 4308
[15/May/2024 19:32:58] "GET /CG_University/media/admin/css/dark_mode.css HTTP/1.0" 200 2682
[15/May/2024 19:32:58] "GET /CG_University/media/admin/css/base.css HTTP/1.0" 200 21544
[15/May/2024 19:32:58] "GET /CG_University/media/admin/css/nav_sidebar.css HTTP/1.0" 200 2810
Unauthorized: /cg_api/api/token/
[15/May/2024 19:32:59] "POST /cg_api/api/token/ HTTP/1.0" 401 63
[15/May/2024 19:32:59] "GET /CG_University/media/admin/css/login.css HTTP/1.0" 200 958
[15/May/2024 19:32:59] "GET /CG_University/media/admin/css/responsive.css HTTP/1.0" 200 17905
[15/May/2024 19:32:59] "POST /cg_api/login/ HTTP/1.0" 200 768
[15/May/2024 19:32:59] "POST /admin_cg/ HTTP/1.0" 200 36613
[15/May/2024 19:32:59] "GET /CG_University/media/admin/js/theme.js HTTP/1.0" 200 1943
[15/May/2024 19:32:59] "GET /CG_University/media/admin/js/nav_sidebar.js HTTP/1.0" 200 3063
[15/May/2024 19:33:04] "POST /admin/login/?next=/admin/ HTTP/1.0" 302 0
[15/May/2024 19:33:05] "GET /admin/ HTTP/1.0" 200 9693
[15/May/2024 19:33:05] "GET /CG_University/media/admin/css/dashboard.css HTTP/1.0" 200 441
[15/May/2024 19:33:06] "GET /CG_University/media/admin/img/icon-changelink.svg HTTP/1.0" 200 380
[15/May/2024 19:33:06] "GET /CG_University/media/admin/img/icon-addlink.svg HTTP/1.0" 200 331
[15/May/2024 19:33:10] "GET /admin/cgapp/adminlogin/ HTTP/1.0" 200 10923
[15/May/2024 19:33:10] "GET /CG_University/media/admin/css/changelists.css HTTP/1.0" 200 6811
[15/May/2024 19:33:10] "GET /admin/jsi18n/ HTTP/1.0" 200 3342
[15/May/2024 19:33:10] "GET /CG_University/media/admin/js/vendor/jquery/jquery.js HTTP/1.0" 200 285314
[15/May/2024 19:33:10] "GET /CG_University/media/admin/js/jquery.init.js HTTP/1.0" 200 347
[15/May/2024 19:33:10] "GET /CG_University/media/admin/js/core.js HTTP/1.0" 200 6208
[15/May/2024 19:33:11] "GET /CG_University/media/admin/js/admin/RelatedObjectLookups.js HTTP/1.0" 200 9042
[15/May/2024 19:33:11] "GET /CG_University/media/admin/js/urlify.js HTTP/1.0" 200 7887
[15/May/2024 19:33:11] "GET /CG_University/media/admin/js/actions.js HTTP/1.0" 200 8067
[15/May/2024 19:33:11] "GET /CG_University/media/admin/js/prepopulate.js HTTP/1.0" 200 1531
[15/May/2024 19:33:11] "GET /CG_University/media/admin/js/vendor/xregexp/xregexp.js HTTP/1.0" 200 325171
[15/May/2024 19:33:12] "GET /CG_University/media/admin/js/filters.js HTTP/1.0" 200 978
[15/May/2024 19:33:12] "GET /CG_University/media/admin/img/tooltag-add.svg HTTP/1.0" 200 331
[15/May/2024 19:33:14] "GET /admin/cgapp/adminlogin/1/change/ HTTP/1.0" 200 13317
[15/May/2024 19:33:14] "GET /CG_University/media/admin/css/forms.css HTTP/1.0" 200 9090
[15/May/2024 19:33:14] "GET /CG_University/media/admin/js/prepopulate_init.js HTTP/1.0" 200 586
[15/May/2024 19:33:14] "GET /admin/jsi18n/ HTTP/1.0" 200 3342
[15/May/2024 19:33:14] "GET /CG_University/media/admin/css/widgets.css HTTP/1.0" 200 11800
[15/May/2024 19:33:14] "GET /CG_University/media/admin/js/change_form.js HTTP/1.0" 200 606
[15/May/2024 19:33:16] "GET /admin/cgapp/marksheets/ HTTP/1.0" 200 10923
[15/May/2024 19:33:17] "GET /admin/jsi18n/ HTTP/1.0" 200 3342
[15/May/2024 19:33:20] "GET /admin/cgapp/marksheets/1/change/ HTTP/1.0" 200 14742
[15/May/2024 19:33:20] "GET /admin/jsi18n/ HTTP/1.0" 200 3342
[15/May/2024 19:33:23] "GET /admin/cgapp/studentdata/ HTTP/1.0" 200 10983
[15/May/2024 19:33:23] "GET /admin/jsi18n/ HTTP/1.0" 200 3342
[15/May/2024 19:33:26] "GET /admin/cgapp/studentlogin/ HTTP/1.0" 200 10947
[15/May/2024 19:33:26] "GET /admin/jsi18n/ HTTP/1.0" 200 3342
[15/May/2024 19:33:28] "GET /admin/cgapp/student/ HTTP/1.0" 200 9594
[15/May/2024 19:33:28] "GET /admin/jsi18n/ HTTP/1.0" 200 3342
[15/May/2024 19:33:33] "GET /admin/cgapp/studentdata/ HTTP/1.0" 200 10983
[15/May/2024 19:33:33] "GET /admin/jsi18n/ HTTP/1.0" 200 3342
[15/May/2024 19:33:37] "GET /admin/cgapp/marksheets/ HTTP/1.0" 200 10923
[15/May/2024 19:33:37] "GET /admin/jsi18n/ HTTP/1.0" 200 3342
[15/May/2024 19:33:40] "GET /admin/cgapp/student/ HTTP/1.0" 200 9594
[15/May/2024 19:33:40] "GET /admin/jsi18n/ HTTP/1.0" 200 3342
[15/May/2024 19:33:41] "GET /admin/cgapp/student/add/ HTTP/1.0" 200 17663
[15/May/2024 19:33:42] "GET /CG_University/media/admin/js/admin/DateTimeShortcuts.js HTTP/1.0" 200 19319
[15/May/2024 19:33:42] "GET /CG_University/media/admin/js/calendar.js HTTP/1.0" 200 9141
[15/May/2024 19:33:42] "GET /admin/jsi18n/ HTTP/1.0" 200 3342
[15/May/2024 19:33:42] "GET /CG_University/media/admin/img/icon-calendar.svg HTTP/1.0" 200 1086
[15/May/2024 19:34:04] "GET /admin/cgapp/marksheets/ HTTP/1.0" 200 10923
[15/May/2024 19:34:05] "GET /admin/jsi18n/ HTTP/1.0" 200 3342
[15/May/2024 19:34:08] "GET /admin/cgapp/studentlogin/ HTTP/1.0" 200 10947
[15/May/2024 19:34:08] "GET /admin/jsi18n/ HTTP/1.0" 200 3342
[15/May/2024 19:34:09] "GET /admin/cgapp/student/ HTTP/1.0" 200 9594
[15/May/2024 19:34:10] "GET /admin/jsi18n/ HTTP/1.0" 200 3342
[15/May/2024 19:34:14] "GET /admin/cgapp/marksheets/ HTTP/1.0" 200 10923
[15/May/2024 19:34:14] "GET /admin/jsi18n/ HTTP/1.0" 200 3342
[15/May/2024 19:34:17] "GET /admin/cgapp/marksheets/ HTTP/1.0" 200 10923
[15/May/2024 19:34:17] "GET /admin/jsi18n/ HTTP/1.0" 200 3342
[15/May/2024 19:34:23] "GET /admin/cgapp/studentdata/ HTTP/1.0" 200 10983
[15/May/2024 19:34:24] "GET /admin/jsi18n/ HTTP/1.0" 200 3342
[15/May/2024 19:34:25] "GET /admin/cgapp/studentdata/2018BSW301120/change/ HTTP/1.0" 200 14047
[15/May/2024 19:34:25] "GET /admin/jsi18n/ HTTP/1.0" 200 3342
[15/May/2024 19:34:32] "GET /admin/cgapp/studentdata/ HTTP/1.0" 200 10983
[15/May/2024 19:34:34] "GET /admin/cgapp/studentlogin/ HTTP/1.0" 200 10947
[15/May/2024 19:34:35] "GET /admin/jsi18n/ HTTP/1.0" 200 3342
[15/May/2024 19:34:36] "GET /admin/cgapp/studentlogin/1/change/ HTTP/1.0" 200 11362
[15/May/2024 19:34:36] "GET /admin/jsi18n/ HTTP/1.0" 200 3342
[15/May/2024 19:34:40] "GET /admin/cgapp/student/ HTTP/1.0" 200 9594
[15/May/2024 19:34:40] "GET /admin/jsi18n/ HTTP/1.0" 200 3342
[15/May/2024 19:35:27] "GET /admin/cgapp/student/ HTTP/1.0" 200 9594
[15/May/2024 19:35:27] "GET /admin/jsi18n/ HTTP/1.0" 200 3342
[15/May/2024 19:35:30] "GET /admin/cgapp/student/ HTTP/1.0" 200 9594
[15/May/2024 19:35:31] "GET /admin/jsi18n/ HTTP/1.0" 200 3342
[15/May/2024 19:35:37] "POST /cg_api/add-student/ HTTP/1.0" 201 48
[15/May/2024 19:35:39] "POST /cg_api/marksheets/ HTTP/1.0" 201 60
Unauthorized: /cg_api/students/
[15/May/2024 19:35:40] "POST /cg_api/students/ HTTP/1.0" 401 183
[15/May/2024 19:35:41] "GET /admin/cgapp/studentlogin/ HTTP/1.0" 200 11248
[15/May/2024 19:35:41] "GET /admin/jsi18n/ HTTP/1.0" 200 3342
[15/May/2024 19:35:41] "POST /cg_api/student-data/ HTTP/1.0" 201 47
[15/May/2024 19:35:44] "GET /admin/cgapp/studentlogin/2/change/ HTTP/1.0" 200 11361
[15/May/2024 19:35:44] "GET /admin/jsi18n/ HTTP/1.0" 200 3342
[15/May/2024 19:35:49] "GET /admin/cgapp/studentlogin/ HTTP/1.0" 200 11248
[15/May/2024 19:35:51] "GET /admin/cgapp/studentlogin/1/change/ HTTP/1.0" 200 11362
[15/May/2024 19:35:52] "GET /admin/jsi18n/ HTTP/1.0" 200 3342
[15/May/2024 19:35:58] "GET /admin/cgapp/studentlogin/ HTTP/1.0" 200 11248
[15/May/2024 19:36:01] "GET /admin/cgapp/studentlogin/2/change/ HTTP/1.0" 200 11361
[15/May/2024 19:36:01] "GET /admin/jsi18n/ HTTP/1.0" 200 3342
[15/May/2024 19:36:09] "POST /admin/cgapp/studentlogin/2/change/ HTTP/1.0" 302 0
[15/May/2024 19:36:10] "GET /admin/cgapp/studentlogin/ HTTP/1.0" 200 11477
[15/May/2024 19:36:10] "GET /admin/jsi18n/ HTTP/1.0" 200 3342
[15/May/2024 19:36:10] "GET /CG_University/media/admin/img/icon-yes.svg HTTP/1.0" 200 436
[15/May/2024 19:36:12] "GET /admin/cgapp/student/ HTTP/1.0" 200 9594
[15/May/2024 19:36:12] "GET /admin/jsi18n/ HTTP/1.0" 200 3342
[15/May/2024 19:36:19] "GET /login/ HTTP/1.0" 200 4343
[15/May/2024 19:36:22] "GET / HTTP/1.0" 200 14468
[15/May/2024 19:36:23] "GET /login/ HTTP/1.0" 200 4343
[15/May/2024 19:36:24] "GET /CG_University/media/main_css/login.css HTTP/1.0" 304 0
[15/May/2024 19:36:32] "GET /cg_api/token/ HTTP/1.0" 200 483
Not Found: /cg_api/login/
[15/May/2024 19:36:32] "POST /cg_api/login/ HTTP/1.0" 404 52
Internal Server Error: /student/
[15/May/2024 19:36:32] "POST /student/ HTTP/1.0" 500 29
Unauthorized: /cg_api/api/token/
[15/May/2024 19:36:34] "POST /cg_api/api/token/ HTTP/1.0" 401 63
[15/May/2024 19:36:34] "POST /cg_api/login/ HTTP/1.0" 200 1320
[15/May/2024 19:36:34] "POST /admin_cg/ HTTP/1.0" 200 36613
Unauthorized: /cg_api/api/token/
[15/May/2024 19:36:38] "POST /cg_api/api/token/ HTTP/1.0" 401 63
[15/May/2024 19:36:38] "POST /cg_api/login/ HTTP/1.0" 200 1320
[15/May/2024 19:36:38] "POST /admin_cg/ HTTP/1.0" 200 36613
[15/May/2024 19:36:39] "GET /CG_University/media/main_css/style.css HTTP/1.0" 200 1555
[15/May/2024 19:36:39] "GET /CG_University/media/images/logo.png HTTP/1.0" 200 46843
[15/May/2024 19:36:40] "GET /CG_University/media/images/logo.png HTTP/1.0" 200 46843
[15/May/2024 19:36:46] "GET /cg_api/token/ HTTP/1.0" 200 483
Not Found: /cg_api/login/
[15/May/2024 19:36:46] "POST /cg_api/login/ HTTP/1.0" 404 52
Internal Server Error: /student/
[15/May/2024 19:36:46] "POST /student/ HTTP/1.0" 500 29
Unauthorized: /cg_api/students/
[15/May/2024 19:37:23] "POST /cg_api/students/ HTTP/1.0" 401 183
[15/May/2024 19:37:24] "POST /cg_api/add-student/ HTTP/1.0" 201 48
[15/May/2024 19:37:24] "POST /cg_api/marksheets/ HTTP/1.0" 201 60
Bad Request: /cg_api/student-data/
[15/May/2024 19:37:27] "POST /cg_api/student-data/ HTTP/1.0" 400 90
[15/May/2024 19:38:00] "POST /cg_api/add-student/ HTTP/1.0" 201 48
Unauthorized: /cg_api/students/
[15/May/2024 19:38:01] "POST /cg_api/students/ HTTP/1.0" 401 183
[15/May/2024 19:38:01] "POST /cg_api/marksheets/ HTTP/1.0" 201 60
[15/May/2024 19:38:02] "POST /cg_api/student-data/ HTTP/1.0" 201 47
[15/May/2024 19:39:20] "POST /cg_api/add-student/ HTTP/1.0" 201 48
[15/May/2024 19:39:22] "POST /cg_api/marksheets/ HTTP/1.0" 201 60
Unauthorized: /cg_api/students/
[15/May/2024 19:39:22] "POST /cg_api/students/ HTTP/1.0" 401 183
Bad Request: /cg_api/student-data/
[15/May/2024 19:39:24] "POST /cg_api/student-data/ HTTP/1.0" 400 90
/home/ubuntu/CG-website-aakash/CG_University/CG_University/settings.py changed, reloading.
Performing system checks...

System check identified no issues (0 silenced).
May 15, 2024 - 17:26:56
Django version 5.0.4, using settings 'CG_University.settings'
Starting development server at http://0.0.0.0:8001/
Quit the server with CONTROL-C.

---------------- Admin Function View ---------------- 
Nannu 040820 admin
---------------- Admin Function View ---------------- 
Nannu 040820 admin
---------------- Admin Function View ---------------- 
Nannu 040820 admin
---------------- Admin Function View ---------------- 
Nannu 040820 admin
---------------- Admin Function View ---------------- 
---------------- Admin Function View ---------------- 
Nannu 040820 admin
---------------- Admin Function View ---------------- 
Nannu 040820 admin
---------------- Admin Function View ---------------- 
Nannu 040820 admin
<QueryDict: {'student_enrollment_no': ['2018BSW301120'], 'session': ['2018'], 'semester': ['1'], 'sgpa': ['8.5'], 'status': ['REGULAR'], 'result': ['PASS'], 'file': [<InMemoryUploadedFile: core card certificate.jpeg (image/jpeg)>]}>
---------------- Admin Function View ---------------- 
Nannu 040820 admin
---------------- Admin Function View ---------------- 
Nannu 040820 admin
---------------- Admin Function View ---------------- 
Nannu 040820 admin
---------------- Admin Function View ---------------- 
Nannu 040820 admin
<QueryDict: {'student_enrollment_no': ['2016bsw21313'], 'session': ['2016'], 'semester': ['1'], 'sgpa': ['8.3'], 'status': ['REGULAR'], 'result': ['PASS'], 'file': [<InMemoryUploadedFile: core card certificate.jpeg (image/jpeg)>]}>
---------------- Student Function View ---------------- 
2016bsw21313 040820 student
Error: 404 Client Error: Not Found for url: https://cginternationaluniversity.in/cg_api/login/
---------------- Admin Function View ---------------- 
Nannu 040820 admin
---------------- Admin Function View ---------------- 
Nannu 040820 admin
---------------- Student Function View ---------------- 
2016bsw21313 040820 student
Error: 404 Client Error: Not Found for url: https://cginternationaluniversity.in/cg_api/login/
<QueryDict: {'student_enrollment_no': ['2016bsw21313'], 'session': ['2016'], 'semester': ['1'], 'sgpa': ['8.3'], 'status': ['REGULAR'], 'result': ['PASS'], 'file': [<InMemoryUploadedFile: core card certificate.jpeg (image/jpeg)>]}>
<QueryDict: {'student_enrollment_no': ['CG01'], 'session': ['Dec-2022'], 'semester': ['2'], 'sgpa': ['9.0'], 'status': ['Enroll'], 'result': ['Pass'], 'file': [<InMemoryUploadedFile: cc62fc19-fa4c-44ab-9840-f41e25fd4e2a-161028042252-thumbnail.jpg (image/jpeg)>]}>
<QueryDict: {'student_enrollment_no': ['2016bsw21313'], 'session': ['2016'], 'semester': ['1'], 'sgpa': ['8.3'], 'status': ['REGULAR'], 'result': ['PASS'], 'file': [<InMemoryUploadedFile: core card certificate.jpeg (image/jpeg)>]}>
Traceback (most recent call last):
  File "/home/ubuntu/CG-website-aakash/CG_University/manage.py", line 22, in <module>
    main()
  File "/home/ubuntu/CG-website-aakash/CG_University/manage.py", line 18, in main
    execute_from_command_line(sys.argv)
  File "/home/ubuntu/.local/lib/python3.12/site-packages/django/core/management/__init__.py", line 442, in execute_from_command_line
    utility.execute()
  File "/home/ubuntu/.local/lib/python3.12/site-packages/django/core/management/__init__.py", line 382, in execute
    settings.INSTALLED_APPS
  File "/home/ubuntu/.local/lib/python3.12/site-packages/django/conf/__init__.py", line 89, in __getattr__
    self._setup(name)
  File "/home/ubuntu/.local/lib/python3.12/site-packages/django/conf/__init__.py", line 76, in _setup
    self._wrapped = Settings(settings_module)
                    ^^^^^^^^^^^^^^^^^^^^^^^^^
  File "/home/ubuntu/.local/lib/python3.12/site-packages/django/conf/__init__.py", line 190, in __init__
    mod = importlib.import_module(self.SETTINGS_MODULE)
          ^^^^^^^^^^^^^^^^^^^^^^^^^^^^^^^^^^^^^^^^^^^^^
  File "/usr/lib/python3.12/importlib/__init__.py", line 90, in import_module
    return _bootstrap._gcd_import(name[level:], package, level)
           ^^^^^^^^^^^^^^^^^^^^^^^^^^^^^^^^^^^^^^^^^^^^^^^^^^^^
  File "<frozen importlib._bootstrap>", line 1387, in _gcd_import
  File "<frozen importlib._bootstrap>", line 1360, in _find_and_load
  File "<frozen importlib._bootstrap>", line 1331, in _find_and_load_unlocked
  File "<frozen importlib._bootstrap>", line 935, in _load_unlocked
  File "<frozen importlib._bootstrap_external>", line 995, in exec_module
  File "<frozen importlib._bootstrap>", line 488, in _call_with_frames_removed
  File "/home/ubuntu/CG-website-aakash/CG_University/CG_University/settings.py", line 83, in <module>
    'ACCESS_TOKEN_LIFETIME': timedelta(hours=2),
                             ^^^^^^^^^
NameError: name 'timedelta' is not defined
Traceback (most recent call last):
  File "/home/ubuntu/CG-website-aakash/CG_University/manage.py", line 22, in <module>
    main()
  File "/home/ubuntu/CG-website-aakash/CG_University/manage.py", line 18, in main
    execute_from_command_line(sys.argv)
  File "/home/ubuntu/.local/lib/python3.12/site-packages/django/core/management/__init__.py", line 442, in execute_from_command_line
    utility.execute()
  File "/home/ubuntu/.local/lib/python3.12/site-packages/django/core/management/__init__.py", line 382, in execute
    settings.INSTALLED_APPS
  File "/home/ubuntu/.local/lib/python3.12/site-packages/django/conf/__init__.py", line 89, in __getattr__
    self._setup(name)
  File "/home/ubuntu/.local/lib/python3.12/site-packages/django/conf/__init__.py", line 76, in _setup
    self._wrapped = Settings(settings_module)
                    ^^^^^^^^^^^^^^^^^^^^^^^^^
  File "/home/ubuntu/.local/lib/python3.12/site-packages/django/conf/__init__.py", line 190, in __init__
    mod = importlib.import_module(self.SETTINGS_MODULE)
          ^^^^^^^^^^^^^^^^^^^^^^^^^^^^^^^^^^^^^^^^^^^^^
  File "/usr/lib/python3.12/importlib/__init__.py", line 90, in import_module
    return _bootstrap._gcd_import(name[level:], package, level)
           ^^^^^^^^^^^^^^^^^^^^^^^^^^^^^^^^^^^^^^^^^^^^^^^^^^^^
  File "<frozen importlib._bootstrap>", line 1387, in _gcd_import
  File "<frozen importlib._bootstrap>", line 1360, in _find_and_load
  File "<frozen importlib._bootstrap>", line 1331, in _find_and_load_unlocked
  File "<frozen importlib._bootstrap>", line 935, in _load_unlocked
  File "<frozen importlib._bootstrap_external>", line 995, in exec_module
  File "<frozen importlib._bootstrap>", line 488, in _call_with_frames_removed
  File "/home/ubuntu/CG-website-aakash/CG_University/CG_University/settings.py", line 83, in <module>
    'ACCESS_TOKEN_LIFETIME': timedelta(hours=2),
                             ^^^^^^^^^
NameError: name 'timedelta' is not defined
Watching for file changes with StatReloader
[15/May/2024 19:45:00] "GET / HTTP/1.0" 200 14468
[15/May/2024 19:45:00] "GET /CG_University/media/main_css/style.css HTTP/1.0" 200 1555
[15/May/2024 19:45:00] "GET /CG_University/media/images/logo.png HTTP/1.0" 200 46843
[15/May/2024 19:45:00] "GET /CG_University/media/images/login/login_background_image.jpg HTTP/1.0" 200 2080830
[15/May/2024 19:45:01] "GET /CG_University/media/images/home_image/2.jpg HTTP/1.0" 200 55879
[15/May/2024 19:45:01] "GET /CG_University/media/images/home_image/4.jpg HTTP/1.0" 200 139834
[15/May/2024 19:45:01] "GET /CG_University/media/images/home_image/3.jpg HTTP/1.0" 200 245914
[15/May/2024 19:45:01] "GET /CG_University/media/images/home_image/5.jpeg HTTP/1.0" 200 349888
[15/May/2024 19:45:03] "GET /login/ HTTP/1.0" 200 4343
[15/May/2024 19:45:04] "GET /CG_University/media/images/login/login_background_image.jpg HTTP/1.0" 200 2080830
[15/May/2024 19:45:10] "GET /CG_University/media/images/login/login_background_image.jpg HTTP/1.0" 200 2080830
Unauthorized: /cg_api/api/token/
[15/May/2024 19:45:15] "POST /cg_api/api/token/ HTTP/1.0" 401 63
Unauthorized: /cg_api/login/
[15/May/2024 19:45:15] "POST /cg_api/login/ HTTP/1.0" 401 183
[15/May/2024 19:45:15] "POST /admin_cg/ HTTP/1.0" 200 58
Unauthorized: /cg_api/api/token/
[15/May/2024 19:45:16] "POST /cg_api/api/token/ HTTP/1.0" 401 63
Unauthorized: /cg_api/login/
[15/May/2024 19:45:16] "POST /cg_api/login/ HTTP/1.0" 401 183
[15/May/2024 19:45:16] "POST /admin_cg/ HTTP/1.0" 200 58
Unauthorized: /cg_api/api/token/
[15/May/2024 19:45:26] "POST /cg_api/api/token/ HTTP/1.0" 401 63
Unauthorized: /cg_api/login/
[15/May/2024 19:45:26] "POST /cg_api/login/ HTTP/1.0" 401 183
[15/May/2024 19:45:26] "POST /admin_cg/ HTTP/1.0" 200 58
[15/May/2024 19:45:39] "GET / HTTP/1.0" 200 14468
[15/May/2024 19:45:41] "GET /admin/login HTTP/1.0" 301 0
[15/May/2024 19:45:41] "GET /admin/login/ HTTP/1.0" 302 0
[15/May/2024 19:45:41] "GET /admin/ HTTP/1.0" 200 10071
[15/May/2024 19:45:44] "GET /admin/cgapp/adminlogin/ HTTP/1.0" 200 10923
[15/May/2024 19:45:44] "GET /admin/jsi18n/ HTTP/1.0" 200 3342
[15/May/2024 19:45:47] "GET /admin/cgapp/adminlogin/1/change/ HTTP/1.0" 200 13317
[15/May/2024 19:45:48] "GET /admin/jsi18n/ HTTP/1.0" 200 3342
[15/May/2024 19:45:50] "POST /admin/cgapp/adminlogin/1/change/ HTTP/1.0" 302 0
[15/May/2024 19:45:50] "GET /admin/cgapp/adminlogin/add/ HTTP/1.0" 200 13233
[15/May/2024 19:45:51] "GET /admin/jsi18n/ HTTP/1.0" 200 3342
[15/May/2024 19:45:53] "GET /admin/cgapp/adminlogin/ HTTP/1.0" 200 10923
[15/May/2024 19:45:54] "GET /admin/jsi18n/ HTTP/1.0" 200 3342
[15/May/2024 19:45:56] "GET /admin/cgapp/adminlogin/1/change/ HTTP/1.0" 200 13317
[15/May/2024 19:45:56] "GET /admin/jsi18n/ HTTP/1.0" 200 3342
Unauthorized: /cg_api/api/token/
[15/May/2024 19:46:06] "POST /cg_api/api/token/ HTTP/1.0" 401 63
Unauthorized: /cg_api/login/
[15/May/2024 19:46:06] "POST /cg_api/login/ HTTP/1.0" 401 183
[15/May/2024 19:46:06] "POST /admin_cg/ HTTP/1.0" 200 58
Performing system checks...

System check identified no issues (0 silenced).
May 15, 2024 - 19:44:50
Django version 5.0.4, using settings 'CG_University.settings'
Starting development server at http://0.0.0.0:8001/
Quit the server with CONTROL-C.

---------------- Admin Function View ---------------- 
---------------- Admin Function View ---------------- 
---------------- Admin Function View ---------------- 
---------------- Admin Function View ---------------- 
Watching for file changes with StatReloader
[15/May/2024 19:46:33] "GET /login/ HTTP/1.0" 200 4343
[15/May/2024 19:46:33] "GET /CG_University/media/main_css/login.css HTTP/1.0" 200 2123
[15/May/2024 19:46:33] "GET /CG_University/media/images/login/login_background_image.jpg HTTP/1.0" 200 2080830
[15/May/2024 19:46:39] "GET /CG_University/media/images/logo.png HTTP/1.0" 200 46843
Unauthorized: /cg_api/api/token/
[15/May/2024 19:46:42] "POST /cg_api/api/token/ HTTP/1.0" 401 63
Unauthorized: /cg_api/login/
[15/May/2024 19:46:42] "POST /cg_api/login/ HTTP/1.0" 401 183
[15/May/2024 19:46:42] "POST /admin_cg/ HTTP/1.0" 200 58
[15/May/2024 19:46:59] "POST /admin/cgapp/adminlogin/1/change/ HTTP/1.0" 302 0
[15/May/2024 19:47:00] "GET /admin/cgapp/adminlogin/ HTTP/1.0" 200 11146
[15/May/2024 19:47:00] "GET /admin/jsi18n/ HTTP/1.0" 200 3342
[15/May/2024 19:47:02] "GET /admin/cgapp/adminlogin/1/change/ HTTP/1.0" 200 13315
[15/May/2024 19:47:02] "GET /admin/jsi18n/ HTTP/1.0" 200 3342
Unauthorized: /cg_api/api/token/
[15/May/2024 19:47:15] "POST /cg_api/api/token/ HTTP/1.0" 401 63
Unauthorized: /cg_api/login/
[15/May/2024 19:47:15] "POST /cg_api/login/ HTTP/1.0" 401 183
[15/May/2024 19:47:15] "POST /admin_cg/ HTTP/1.0" 200 58
[15/May/2024 19:47:25] "GET /admin/auth/user/ HTTP/1.0" 200 13897
[15/May/2024 19:47:25] "GET /admin/jsi18n/ HTTP/1.0" 200 3342
[15/May/2024 19:47:25] "GET /CG_University/media/admin/img/search.svg HTTP/1.0" 200 458
[15/May/2024 19:47:26] "GET /CG_University/media/admin/img/sorting-icons.svg HTTP/1.0" 200 1097
[15/May/2024 19:47:26] "GET /CG_University/media/admin/img/icon-viewlink.svg HTTP/1.0" 200 581
[15/May/2024 19:47:27] "GET /admin/auth/user/2/change/ HTTP/1.0" 200 26548
[15/May/2024 19:47:28] "GET /CG_University/media/admin/js/SelectBox.js HTTP/1.0" 200 4530
[15/May/2024 19:47:28] "GET /admin/jsi18n/ HTTP/1.0" 200 3342
[15/May/2024 19:47:28] "GET /CG_University/media/admin/js/SelectFilter2.js HTTP/1.0" 200 15492
[15/May/2024 19:47:29] "GET /CG_University/media/admin/img/icon-unknown-alt.svg HTTP/1.0" 200 655
[15/May/2024 19:47:29] "GET /CG_University/media/admin/img/selector-icons.svg HTTP/1.0" 200 3291
[15/May/2024 19:47:29] "GET /CG_University/media/admin/img/icon-unknown.svg HTTP/1.0" 200 655
[15/May/2024 19:47:29] "GET /CG_University/media/admin/img/icon-clock.svg HTTP/1.0" 200 677
[15/May/2024 19:47:35] "POST /cg_api/api/token/ HTTP/1.0" 200 483
Not Found: /cg_api/login/
[15/May/2024 19:47:35] "POST /cg_api/login/ HTTP/1.0" 404 50
[15/May/2024 19:47:35] "POST /admin_cg/ HTTP/1.0" 200 69
[15/May/2024 19:47:55] "POST /cg_api/api/token/ HTTP/1.0" 200 483
Not Found: /cg_api/login/
[15/May/2024 19:47:55] "POST /cg_api/login/ HTTP/1.0" 404 50
[15/May/2024 19:47:55] "POST /admin_cg/ HTTP/1.0" 200 69
Unauthorized: /cg_api/api/token/
[15/May/2024 19:48:07] "POST /cg_api/api/token/ HTTP/1.0" 401 63
Unauthorized: /cg_api/login/
[15/May/2024 19:48:07] "POST /cg_api/login/ HTTP/1.0" 401 183
[15/May/2024 19:48:07] "POST /admin_cg/ HTTP/1.0" 200 58
Performing system checks...

System check identified no issues (0 silenced).
May 15, 2024 - 19:46:28
Django version 5.0.4, using settings 'CG_University.settings'
Starting development server at http://0.0.0.0:8001/
Quit the server with CONTROL-C.

---------------- Admin Function View ---------------- 
---------------- Admin Function View ---------------- 
---------------- Admin Function View ---------------- 
admin 1234 admin
---------------- Admin Function View ---------------- 
Aakash 1234 admin
---------------- Admin Function View ---------------- 
Watching for file changes with StatReloader
[15/May/2024 19:49:16] "GET /login/ HTTP/1.0" 200 4343
[15/May/2024 19:49:16] "GET /CG_University/media/main_css/login.css HTTP/1.0" 200 2123
[15/May/2024 19:49:17] "GET /CG_University/media/images/login/login_background_image.jpg HTTP/1.0" 200 2080830
[15/May/2024 19:49:24] "GET /CG_University/media/images/logo.png HTTP/1.0" 200 46843
Unauthorized: /cg_api/api/token/
[15/May/2024 19:49:26] "POST /cg_api/api/token/ HTTP/1.0" 401 63
Unauthorized: /cg_api/login/
[15/May/2024 19:49:27] "POST /cg_api/login/ HTTP/1.0" 401 183
[15/May/2024 19:49:27] "POST /admin_cg/ HTTP/1.0" 200 58
[15/May/2024 19:49:36] "GET /admin/cgapp/adminlogin/ HTTP/1.0" 200 10923
[15/May/2024 19:49:36] "GET /admin/jsi18n/ HTTP/1.0" 200 3342
[15/May/2024 19:49:38] "GET /admin/cgapp/adminlogin/1/change/ HTTP/1.0" 200 13315
[15/May/2024 19:49:38] "GET /admin/jsi18n/ HTTP/1.0" 200 3342
[15/May/2024 19:49:44] "POST /admin/cgapp/adminlogin/1/change/ HTTP/1.0" 302 0
[15/May/2024 19:49:44] "GET /admin/cgapp/adminlogin/ HTTP/1.0" 200 11146
[15/May/2024 19:49:45] "GET /admin/jsi18n/ HTTP/1.0" 200 3342
[15/May/2024 19:49:47] "GET /admin/cgapp/marksheets/ HTTP/1.0" 200 12100
[15/May/2024 19:49:47] "GET /admin/jsi18n/ HTTP/1.0" 200 3342
[15/May/2024 19:49:50] "GET /admin/cgapp/studentlogin/ HTTP/1.0" 200 12148
[15/May/2024 19:49:51] "GET /admin/jsi18n/ HTTP/1.0" 200 3342
[15/May/2024 19:49:52] "GET /admin/cgapp/student/ HTTP/1.0" 200 9594
[15/May/2024 19:49:52] "GET /admin/jsi18n/ HTTP/1.0" 200 3342
Unauthorized: /cg_api/api/token/
[15/May/2024 19:50:00] "POST /cg_api/api/token/ HTTP/1.0" 401 63
Unauthorized: /cg_api/login/
[15/May/2024 19:50:01] "POST /cg_api/login/ HTTP/1.0" 401 183
[15/May/2024 19:50:01] "POST /admin_cg/ HTTP/1.0" 200 58
Performing system checks...

System check identified no issues (0 silenced).
May 15, 2024 - 19:49:08
Django version 5.0.4, using settings 'CG_University.settings'
Starting development server at http://0.0.0.0:8001/
Quit the server with CONTROL-C.

---------------- Admin Function View ---------------- 
---------------- Admin Function View ---------------- 
Watching for file changes with StatReloader
[15/May/2024 19:53:01] "GET /login/ HTTP/1.0" 200 4343
[15/May/2024 19:53:01] "GET /CG_University/media/main_css/login.css HTTP/1.0" 200 2123
[15/May/2024 19:53:02] "GET /CG_University/media/images/login/login_background_image.jpg HTTP/1.0" 200 2080830
[15/May/2024 19:53:06] "GET /CG_University/media/images/logo.png HTTP/1.0" 200 46843
Unauthorized: /cg_api/api/token/
[15/May/2024 19:53:12] "POST /cg_api/api/token/ HTTP/1.0" 401 63
Unauthorized: /cg_api/login/
[15/May/2024 19:53:12] "POST /cg_api/login/ HTTP/1.0" 401 183
[15/May/2024 19:53:12] "POST /admin_cg/ HTTP/1.0" 200 58
[15/May/2024 19:53:21] "GET /admin/cgapp/adminlogin/ HTTP/1.0" 200 10923
[15/May/2024 19:53:22] "GET /admin/jsi18n/ HTTP/1.0" 200 3342
[15/May/2024 19:53:23] "GET /admin/cgapp/adminlogin/1/change/ HTTP/1.0" 200 13317
[15/May/2024 19:53:24] "GET /admin/jsi18n/ HTTP/1.0" 200 3342
Performing system checks...

System check identified no issues (0 silenced).
May 15, 2024 - 19:52:56
Django version 5.0.4, using settings 'CG_University.settings'
Starting development server at http://0.0.0.0:8001/
Quit the server with CONTROL-C.

---------------- Admin Function View ---------------- 
Watching for file changes with StatReloader
[15/May/2024 19:54:42] "GET /admin/cgapp/adminlogin/1/change/ HTTP/1.0" 200 13317
[15/May/2024 19:54:43] "GET /CG_University/media/admin/css/dark_mode.css HTTP/1.0" 200 2682
[15/May/2024 19:54:43] "GET /CG_University/media/admin/css/nav_sidebar.css HTTP/1.0" 200 2810
[15/May/2024 19:54:43] "GET /CG_University/media/admin/js/vendor/jquery/jquery.js HTTP/1.0" 200 285314
[15/May/2024 19:54:43] "GET /CG_University/media/admin/css/base.css HTTP/1.0" 200 21544
[15/May/2024 19:54:43] "GET /CG_University/media/admin/css/forms.css HTTP/1.0" 200 9090
[15/May/2024 19:54:43] "GET /CG_University/media/admin/css/responsive.css HTTP/1.0" 200 17905
[15/May/2024 19:54:43] "GET /CG_University/media/admin/js/actions.js HTTP/1.0" 200 8067
[15/May/2024 19:54:43] "GET /CG_University/media/admin/js/jquery.init.js HTTP/1.0" 200 347
[15/May/2024 19:54:43] "GET /admin/jsi18n/ HTTP/1.0" 200 3342
[15/May/2024 19:54:44] "GET /CG_University/media/admin/css/widgets.css HTTP/1.0" 200 11800
[15/May/2024 19:54:44] "GET /CG_University/media/admin/js/core.js HTTP/1.0" 200 6208
[15/May/2024 19:54:44] "GET /CG_University/media/admin/js/urlify.js HTTP/1.0" 200 7887
[15/May/2024 19:54:44] "GET /CG_University/media/admin/js/admin/RelatedObjectLookups.js HTTP/1.0" 200 9042
[15/May/2024 19:54:44] "GET /CG_University/media/admin/js/vendor/xregexp/xregexp.js HTTP/1.0" 200 325171
[15/May/2024 19:54:44] "GET /CG_University/media/admin/js/prepopulate_init.js HTTP/1.0" 200 586
[15/May/2024 19:54:44] "GET /CG_University/media/admin/js/prepopulate.js HTTP/1.0" 200 1531
[15/May/2024 19:54:44] "GET /CG_University/media/admin/js/theme.js HTTP/1.0" 200 1943
[15/May/2024 19:54:45] "GET /CG_University/media/admin/js/nav_sidebar.js HTTP/1.0" 200 3063
[15/May/2024 19:54:45] "GET /CG_University/media/admin/js/change_form.js HTTP/1.0" 200 606
[15/May/2024 19:54:45] "GET /CG_University/media/admin/img/icon-addlink.svg HTTP/1.0" 200 331
Unauthorized: /cg_api/api/token/
[15/May/2024 19:54:48] "POST /cg_api/api/token/ HTTP/1.0" 401 63
Unauthorized: /cg_api/login/
[15/May/2024 19:54:48] "POST /cg_api/login/ HTTP/1.0" 401 183
[15/May/2024 19:54:48] "POST /admin_cg/ HTTP/1.0" 200 58
Unauthorized: /cg_api/api/token/
[15/May/2024 19:54:55] "POST /cg_api/api/token/ HTTP/1.0" 401 63
Unauthorized: /cg_api/login/
[15/May/2024 19:54:55] "POST /cg_api/login/ HTTP/1.0" 401 183
[15/May/2024 19:54:55] "POST /admin_cg/ HTTP/1.0" 200 58
[15/May/2024 19:55:26] "GET /admin/cgapp/student/ HTTP/1.0" 200 9594
[15/May/2024 19:55:27] "GET /admin/jsi18n/ HTTP/1.0" 200 3342
[15/May/2024 19:55:28] "GET /admin/cgapp/studentlogin/ HTTP/1.0" 200 12148
[15/May/2024 19:55:29] "GET /admin/jsi18n/ HTTP/1.0" 200 3342
[15/May/2024 19:55:31] "GET /admin/cgapp/studentlogin/1/change/ HTTP/1.0" 200 11362
[15/May/2024 19:55:31] "GET /admin/jsi18n/ HTTP/1.0" 200 3342
[15/May/2024 19:55:36] "GET /admin/cgapp/student/ HTTP/1.0" 200 9594
[15/May/2024 19:55:37] "GET /admin/jsi18n/ HTTP/1.0" 200 3342
[15/May/2024 19:55:39] "GET /admin/cgapp/student/add/ HTTP/1.0" 200 17663
[15/May/2024 19:55:39] "GET /admin/jsi18n/ HTTP/1.0" 200 3342
[15/May/2024 19:55:39] "GET /admin_cg/ HTTP/1.0" 200 55
[15/May/2024 19:55:44] "GET /admin_cg/ HTTP/1.0" 200 55
[15/May/2024 19:55:48] "GET /admin_cg/ HTTP/1.0" 200 55
[15/May/2024 19:55:49] "GET /admin_cg/ HTTP/1.0" 200 55
[15/May/2024 19:56:01] "GET / HTTP/1.0" 200 14468
[15/May/2024 19:56:16] "GET /login/ HTTP/1.0" 200 4343
[15/May/2024 19:56:24] "GET /admin/cgapp/studentlogin/ HTTP/1.0" 200 12148
[15/May/2024 19:56:24] "GET /admin/jsi18n/ HTTP/1.0" 200 3342
[15/May/2024 19:56:26] "GET /admin/cgapp/studentlogin/1/change/ HTTP/1.0" 200 11362
[15/May/2024 19:56:27] "GET /admin/jsi18n/ HTTP/1.0" 200 3342
[15/May/2024 19:56:30] "GET /admin/cgapp/studentdata/ HTTP/1.0" 200 11634
[15/May/2024 19:56:30] "GET /admin/jsi18n/ HTTP/1.0" 200 3342
[15/May/2024 19:56:33] "GET /admin/cgapp/studentdata/CG01/change/ HTTP/1.0" 200 15111
[15/May/2024 19:56:33] "GET /admin/jsi18n/ HTTP/1.0" 200 3342
[15/May/2024 19:56:38] "GET /admin/cgapp/student/ HTTP/1.0" 200 9594
[15/May/2024 19:56:38] "GET /admin/jsi18n/ HTTP/1.0" 200 3342
Unauthorized: /cg_api/api/token/
[15/May/2024 19:56:40] "POST /cg_api/api/token/ HTTP/1.0" 401 63
[15/May/2024 19:56:40] "GET /admin/cgapp/student/add/ HTTP/1.0" 200 17663
Unauthorized: /cg_api/login/
[15/May/2024 19:56:40] "POST /cg_api/login/ HTTP/1.0" 401 183
[15/May/2024 19:56:40] "POST /admin_cg/ HTTP/1.0" 200 58
[15/May/2024 19:56:41] "GET /admin/jsi18n/ HTTP/1.0" 200 3342
[15/May/2024 19:56:51] "GET /CG_University/media/admin/img/calendar-icons.svg HTTP/1.0" 200 1094
Unauthorized: /cg_api/api/token/
[15/May/2024 19:56:56] "POST /cg_api/api/token/ HTTP/1.0" 401 63
Unauthorized: /cg_api/login/
[15/May/2024 19:56:56] "POST /cg_api/login/ HTTP/1.0" 401 183
[15/May/2024 19:56:56] "POST /admin_cg/ HTTP/1.0" 200 58
[15/May/2024 19:57:00] "POST /admin/cgapp/student/add/ HTTP/1.0" 302 0
[15/May/2024 19:57:00] "GET /admin/cgapp/student/ HTTP/1.0" 200 11109
[15/May/2024 19:57:00] "GET /admin/jsi18n/ HTTP/1.0" 200 3342
Unauthorized: /cg_api/api/token/
[15/May/2024 19:57:03] "POST /cg_api/api/token/ HTTP/1.0" 401 63
Unauthorized: /cg_api/login/
[15/May/2024 19:57:03] "POST /cg_api/login/ HTTP/1.0" 401 183
[15/May/2024 19:57:03] "POST /admin_cg/ HTTP/1.0" 200 58
[15/May/2024 19:57:10] "GET /cg_api/token/ HTTP/1.0" 200 483
[15/May/2024 19:57:10] "POST /cg_api/login/ HTTP/1.0" 200 1310
[15/May/2024 19:57:10] "POST /student/ HTTP/1.0" 200 17516
[15/May/2024 19:57:11] "GET /CG_University/media/student_css/student.css HTTP/1.0" 200 1308
[15/May/2024 19:57:11] "GET /media/images/students/profile-pic/cc62fc19-fa4c-44ab-9840-f41e25fd4e2a-161028042252-thumbnail_CVd2doV.jpg HTTP/1.0" 200 50314
[15/May/2024 19:57:11] "GET /media/images/students/marksheet/cc62fc19-fa4c-44ab-9840-f41e25fd4e2a-161028042252-thumbnail_1ds786i.jpg HTTP/1.0" 200 50314
[15/May/2024 19:57:11] "GET /CG_University/media/scripts/student_js/student.js HTTP/1.0" 200 607
Unauthorized: /cg_api/api/token/
[15/May/2024 19:57:26] "POST /cg_api/api/token/ HTTP/1.0" 401 63
Unauthorized: /cg_api/login/
[15/May/2024 19:57:26] "POST /cg_api/login/ HTTP/1.0" 401 183
[15/May/2024 19:57:26] "POST /admin_cg/ HTTP/1.0" 200 58
Unauthorized: /cg_api/api/token/
[15/May/2024 19:57:30] "POST /cg_api/api/token/ HTTP/1.0" 401 63
Unauthorized: /cg_api/login/
[15/May/2024 19:57:30] "POST /cg_api/login/ HTTP/1.0" 401 183
[15/May/2024 19:57:30] "POST /admin_cg/ HTTP/1.0" 200 58
Unauthorized: /cg_api/api/token/
[15/May/2024 19:59:43] "POST /cg_api/api/token/ HTTP/1.0" 401 63
Unauthorized: /cg_api/login/
[15/May/2024 19:59:43] "POST /cg_api/login/ HTTP/1.0" 401 183
[15/May/2024 19:59:43] "POST /admin_cg/ HTTP/1.0" 200 58
/home/ubuntu/CG-website-aakash/CG_University/CG_International_University_App/views.py changed, reloading.
Performing system checks...

System check identified no issues (0 silenced).

You have 1 unapplied migration(s). Your project may not work properly until you apply the migrations for app(s): cgapp.
Run 'python manage.py migrate' to apply them.
May 15, 2024 - 19:54:38
Django version 5.0.4, using settings 'CG_University.settings'
Starting development server at http://0.0.0.0:8001/
Quit the server with CONTROL-C.

---------------- Admin Function View ---------------- 
---------------- Admin Function View ---------------- 
---------------- Admin Function View ---------------- 
---------------- Admin Function View ---------------- 
---------------- Admin Function View ---------------- 
---------------- Admin Function View ---------------- 
---------------- Admin Function View ---------------- 
---------------- Admin Function View ---------------- 
---------------- Admin Function View ---------------- 
---------------- Student Function View ---------------- 
CG01 1234 student
---------------- Admin Function View ---------------- 
---------------- Admin Function View ---------------- 
---------------- Admin Function View ---------------- 
Watching for file changes with StatReloader
Performing system checks...

System check identified no issues (0 silenced).

You have 1 unapplied migration(s). Your project may not work properly until you apply the migrations for app(s): cgapp.
Run 'python manage.py migrate' to apply them.
May 15, 2024 - 19:59:50
Django version 5.0.4, using settings 'CG_University.settings'
Starting development server at http://0.0.0.0:8001/
Quit the server with CONTROL-C.

Watching for file changes with StatReloader
Unauthorized: /cg_api/api/token/
[15/May/2024 20:00:18] "POST /cg_api/api/token/ HTTP/1.0" 401 63
Unauthorized: /cg_api/login/
[15/May/2024 20:00:18] "POST /cg_api/login/ HTTP/1.0" 401 183
[15/May/2024 20:00:18] "POST /admin_cg/ HTTP/1.0" 200 58
Unauthorized: /cg_api/api/token/
[15/May/2024 20:00:25] "POST /cg_api/api/token/ HTTP/1.0" 401 63
Unauthorized: /cg_api/login/
[15/May/2024 20:00:25] "POST /cg_api/login/ HTTP/1.0" 401 183
[15/May/2024 20:00:25] "POST /admin_cg/ HTTP/1.0" 200 58
Unauthorized: /cg_api/api/token/
[15/May/2024 20:00:35] "POST /cg_api/api/token/ HTTP/1.0" 401 63
Unauthorized: /cg_api/login/
[15/May/2024 20:00:35] "POST /cg_api/login/ HTTP/1.0" 401 183
[15/May/2024 20:00:35] "POST /admin_cg/ HTTP/1.0" 200 58
Unauthorized: /cg_api/api/token/
[15/May/2024 20:00:37] "POST /cg_api/api/token/ HTTP/1.0" 401 63
Unauthorized: /cg_api/login/
[15/May/2024 20:00:37] "POST /cg_api/login/ HTTP/1.0" 401 183
[15/May/2024 20:00:37] "POST /admin_cg/ HTTP/1.0" 200 58
[15/May/2024 20:00:51] "GET / HTTP/1.0" 200 14468
[15/May/2024 20:00:56] "GET /login/ HTTP/1.0" 200 4343
Unauthorized: /cg_api/api/token/
[15/May/2024 20:01:18] "POST /cg_api/api/token/ HTTP/1.0" 401 63
Unauthorized: /cg_api/login/
[15/May/2024 20:01:18] "POST /cg_api/login/ HTTP/1.0" 401 183
[15/May/2024 20:01:18] "POST /admin_cg/ HTTP/1.0" 200 58
/home/ubuntu/CG-website-aakash/CG_University/CG_International_University_App/views.py changed, reloading.
Performing system checks...

System check identified no issues (0 silenced).
May 15, 2024 - 20:00:14
Django version 5.0.4, using settings 'CG_University.settings'
Starting development server at http://0.0.0.0:8001/
Quit the server with CONTROL-C.

---------------- Admin Function View ---------------- 
---------------- Admin Function View ---------------- 
---------------- Admin Function View ---------------- 
---------------- Admin Function View ---------------- 
---------------- Admin Function View ---------------- 
Watching for file changes with StatReloader
Unauthorized: /cg_api/api/token/
[15/May/2024 20:01:27] "POST /cg_api/api/token/ HTTP/1.0" 401 63
Unauthorized: /cg_api/login/
[15/May/2024 20:01:27] "POST /cg_api/login/ HTTP/1.0" 401 183
[15/May/2024 20:01:27] "POST /admin_cg/ HTTP/1.0" 200 58
Unauthorized: /cg_api/api/token/
[15/May/2024 20:01:34] "POST /cg_api/api/token/ HTTP/1.0" 401 63
Unauthorized: /cg_api/login/
[15/May/2024 20:01:34] "POST /cg_api/login/ HTTP/1.0" 401 183
[15/May/2024 20:01:34] "POST /admin_cg/ HTTP/1.0" 200 58
[15/May/2024 20:01:44] "GET / HTTP/1.0" 200 14468
Unauthorized: /cg_api/api/token/
[15/May/2024 20:05:06] "POST /cg_api/api/token/ HTTP/1.0" 401 63
Unauthorized: /cg_api/login/
[15/May/2024 20:05:06] "POST /cg_api/login/ HTTP/1.0" 401 183
[15/May/2024 20:05:06] "POST /admin_cg/ HTTP/1.0" 200 58
[15/May/2024 20:06:32] "GET / HTTP/1.0" 200 14468
[15/May/2024 20:06:32] "GET /CG_University/media/main_css/style.css HTTP/1.0" 200 1555
[15/May/2024 20:06:32] "GET /CG_University/media/images/logo.png HTTP/1.0" 200 46843
[15/May/2024 20:06:32] "GET /CG_University/media/images/home_image/2.jpg HTTP/1.0" 200 55879
[15/May/2024 20:06:32] "GET /CG_University/media/images/home_image/4.jpg HTTP/1.0" 200 139834
[15/May/2024 20:06:32] "GET /CG_University/media/images/home_image/3.jpg HTTP/1.0" 200 245914
[15/May/2024 20:06:33] "GET /CG_University/media/images/home_image/5.jpeg HTTP/1.0" 200 349888
[15/May/2024 20:06:33] "GET /CG_University/media/images/login/login_background_image.jpg HTTP/1.0" 200 2080830
[15/May/2024 20:08:27] "GET / HTTP/1.0" 200 14468
[15/May/2024 20:08:27] "GET /CG_University/media/main_css/style.css HTTP/1.0" 200 1555
[15/May/2024 20:08:27] "GET /CG_University/media/images/logo.png HTTP/1.0" 200 46843
[15/May/2024 20:08:27] "GET /CG_University/media/images/home_image/2.jpg HTTP/1.0" 200 55879
[15/May/2024 20:08:27] "GET /CG_University/media/images/home_image/4.jpg HTTP/1.0" 200 139834
[15/May/2024 20:08:27] "GET /CG_University/media/images/home_image/3.jpg HTTP/1.0" 200 245914
[15/May/2024 20:08:27] "GET /CG_University/media/images/home_image/5.jpeg HTTP/1.0" 200 349888
[15/May/2024 20:08:27] "GET /CG_University/media/images/login/login_background_image.jpg HTTP/1.0" 200 2080830
[15/May/2024 20:11:01] "GET /admin/cgapp/marksheets/ HTTP/1.0" 200 12100
[15/May/2024 20:11:02] "GET /admin/jsi18n/ HTTP/1.0" 200 3342
[15/May/2024 20:11:04] "GET /admin/cgapp/marksheets/1/change/ HTTP/1.0" 200 14742
[15/May/2024 20:11:05] "GET /admin/jsi18n/ HTTP/1.0" 200 3342
Watching for file changes with StatReloader
Error: That port is already in use.
[15/May/2024 20:14:57] "GET / HTTP/1.0" 200 14468
[15/May/2024 20:14:59] "GET /login/ HTTP/1.0" 200 4343
Unauthorized: /cg_api/api/token/
[15/May/2024 20:15:06] "POST /cg_api/api/token/ HTTP/1.0" 401 63
Unauthorized: /cg_api/login/
[15/May/2024 20:15:06] "POST /cg_api/login/ HTTP/1.0" 401 183
[15/May/2024 20:15:06] "POST /admin_cg/ HTTP/1.0" 200 58
/home/ubuntu/CG-website-aakash/CG_University/CG_International_University_App/models/admin_info.py changed, reloading.
Performing system checks...

System check identified no issues (0 silenced).
May 15, 2024 - 20:01:24
Django version 5.0.4, using settings 'CG_University.settings'
Starting development server at http://0.0.0.0:8001/
Quit the server with CONTROL-C.

---------------- Admin Function View ---------------- 
---------------- Admin Function View ---------------- 
---------------- Admin Function View ---------------- 
---------------- Admin Function View ---------------- 
Watching for file changes with StatReloader
